# JRE version: Java(TM) SE Runtime Environment (15.0+36) (build 15+36-1562)
# Java VM: Java HotSpot(TM) 64-Bit Server VM (15+36-1562, mixed mode, sharing, tiered, compressed oops, g1 gc, windows-amd64)
GC Precious Log:
 CPUs: 8 total, 8 available
 Memory: 7988M
 Large Page Support: Disabled
 NUMA Support: Disabled
 Compressed Oops: Enabled (32-bit)
 Heap Region Size: 1M
 Heap Min Capacity: 8M
 Heap Initial Capacity: 126M
 Heap Max Capacity: 1998M
 Pre-touch: Disabled
 Parallel Workers: 8
 Concurrent Workers: 2
 Concurrent Refinement Workers: 8
 Periodic GC: Disabled
Heap:
 garbage-first heap   total 129024K, used 65063K [0x0000000083200000, 0x0000000100000000)
  region size 1024K, 17 young (17408K), 4 survivors (4096K)
 Metaspace       used 22830K, capacity 23114K, committed 23420K, reserved 1071104K
  class space    used 2182K, capacity 2276K, committed 2428K, reserved 1048576K
GC Heap History (12 events):
Event: 1.401 GC heap before
{Heap before GC invocations=0 (full 0):
 garbage-first heap   total 129024K, used 28672K [0x0000000083200000, 0x0000000100000000)
  region size 1024K, 23 young (23552K), 0 survivors (0K)
 Metaspace       used 14768K, capacity 15034K, committed 15360K, reserved 1062912K
  class space    used 1607K, capacity 1699K, committed 1792K, reserved 1048576K
}
Event: 1.406 GC heap after
{Heap after GC invocations=1 (full 0):
 garbage-first heap   total 129024K, used 10363K [0x0000000083200000, 0x0000000100000000)
  region size 1024K, 3 young (3072K), 3 survivors (3072K)
 Metaspace       used 14768K, capacity 15034K, committed 15360K, reserved 1062912K
  class space    used 1607K, capacity 1699K, committed 1792K, reserved 1048576K
}
Event: 1.796 GC heap before
{Heap before GC invocations=1 (full 0):
 garbage-first heap   total 129024K, used 31867K [0x0000000083200000, 0x0000000100000000)
  region size 1024K, 24 young (24576K), 3 survivors (3072K)
 Metaspace       used 19513K, capacity 19776K, committed 19968K, reserved 1067008K
  class space    used 1904K, capacity 2020K, committed 2048K, reserved 1048576K
}
Event: 1.801 GC heap after
{Heap after GC invocations=2 (full 0):
 garbage-first heap   total 129024K, used 13533K [0x0000000083200000, 0x0000000100000000)
  region size 1024K, 3 young (3072K), 3 survivors (3072K)
 Metaspace       used 19513K, capacity 19776K, committed 19968K, reserved 1067008K
  class space    used 1904K, capacity 2020K, committed 2048K, reserved 1048576K
}
Event: 2.209 GC heap before
{Heap before GC invocations=2 (full 0):
 garbage-first heap   total 129024K, used 60637K [0x0000000083200000, 0x0000000100000000)
  region size 1024K, 49 young (50176K), 3 survivors (3072K)
 Metaspace       used 20455K, capacity 20736K, committed 20992K, reserved 1069056K
  class space    used 1911K, capacity 2020K, committed 2048K, reserved 1048576K
}
Event: 2.218 GC heap after
{Heap after GC invocations=3 (full 0):
 garbage-first heap   total 129024K, used 21504K [0x0000000083200000, 0x0000000100000000)
  region size 1024K, 7 young (7168K), 7 survivors (7168K)
 Metaspace       used 20455K, capacity 20736K, committed 20992K, reserved 1069056K
  class space    used 1911K, capacity 2020K, committed 2048K, reserved 1048576K
}
Event: 2.505 GC heap before
{Heap before GC invocations=3 (full 0):
 garbage-first heap   total 129024K, used 71680K [0x0000000083200000, 0x0000000100000000)
  region size 1024K, 56 young (57344K), 7 survivors (7168K)
 Metaspace       used 20767K, capacity 20993K, committed 21248K, reserved 1069056K
  class space    used 1918K, capacity 2020K, committed 2048K, reserved 1048576K
}
Event: 2.517 GC heap after
{Heap after GC invocations=4 (full 0):
 garbage-first heap   total 129024K, used 29441K [0x0000000083200000, 0x0000000100000000)
  region size 1024K, 7 young (7168K), 7 survivors (7168K)
 Metaspace       used 20767K, capacity 20993K, committed 21248K, reserved 1069056K
  class space    used 1918K, capacity 2020K, committed 2048K, reserved 1048576K
}
Event: 2.709 GC heap before
{Heap before GC invocations=4 (full 0):
 garbage-first heap   total 129024K, used 80641K [0x0000000083200000, 0x0000000100000000)
  region size 1024K, 57 young (58368K), 7 survivors (7168K)
 Metaspace       used 20779K, capacity 20993K, committed 21248K, reserved 1069056K
  class space    used 1918K, capacity 2020K, committed 2048K, reserved 1048576K
}
Event: 2.720 GC heap after
{Heap after GC invocations=5 (full 0):
 garbage-first heap   total 129024K, used 36974K [0x0000000083200000, 0x0000000100000000)
  region size 1024K, 7 young (7168K), 7 survivors (7168K)
 Metaspace       used 20779K, capacity 20993K, committed 21248K, reserved 1069056K
  class space    used 1918K, capacity 2020K, committed 2048K, reserved 1048576K
}
Event: 2.850 GC heap before
{Heap before GC invocations=5 (full 0):
 garbage-first heap   total 129024K, used 62574K [0x0000000083200000, 0x0000000100000000)
  region size 1024K, 33 young (33792K), 7 survivors (7168K)
 Metaspace       used 20963K, capacity 21185K, committed 21248K, reserved 1069056K
  class space    used 1937K, capacity 2020K, committed 2048K, reserved 1048576K
}
Event: 2.859 GC heap after
{Heap after GC invocations=6 (full 0):
 garbage-first heap   total 129024K, used 40487K [0x0000000083200000, 0x0000000100000000)
  region size 1024K, 4 young (4096K), 4 survivors (4096K)
 Metaspace       used 20963K, capacity 21185K, committed 21248K, reserved 1069056K
  class space    used 1937K, capacity 2020K, committed 2048K, reserved 1048576K
}

